<?xml version="1.0" encoding="UTF-8" ?>
<testsuite errors="0" failures="1" hostname="laptop" name="bubbleSortTest" tests="1" time="0.089" timestamp="2013-07-15T00:29:09">
  <properties>
[...]
</properties>
  <testcase classname="bubbleSortTest" name="test" time="0.008">
    <failure message="Not yet implemented" type="junit.framework.AssertionFailedError">junit.framework.AssertionFailedError: Not yet implemented
	at bubbleSortTest.test(bubbleSortTest.java:10)
</failure>
  </testcase>
  <system-out><![CDATA[]]></system-out>
  <system-err><![CDATA[]]></system-err>
</testsuite>
